;  LST file generated by mikroListExporter - v.2.0 
; Date/Time: 11/27/2023 9:16:59 PM
;----------------------------------------------

;Address Opcode 	ASM
0x0000	0x2803      	GOTO       3
_main:
;DC_Motor.c,1 :: 		void main() {
;DC_Motor.c,2 :: 		TRISB=0x00;
0x0003	0x1683      	BSF        STATUS, 5
0x0004	0x1303      	BCF        STATUS, 6
0x0005	0x0186      	CLRF       TRISB
;DC_Motor.c,3 :: 		portb=0x00;
0x0006	0x1283      	BCF        STATUS, 5
0x0007	0x0186      	CLRF       PORTB
;DC_Motor.c,4 :: 		TRISD=0xff;
0x0008	0x30FF      	MOVLW      255
0x0009	0x1683      	BSF        STATUS, 5
0x000A	0x0088      	MOVWF      TRISD
;DC_Motor.c,5 :: 		portb.f3=1;
0x000B	0x1283      	BCF        STATUS, 5
0x000C	0x1586      	BSF        PORTB, 3
;DC_Motor.c,6 :: 		while(1){
L_main0:
;DC_Motor.c,7 :: 		if(portd.f0=1){
0x000D	0x1408      	BSF        PORTD, 0
0x000E	0x1C08      	BTFSS      PORTD, 0
0x000F	0x2823      	GOTO       L_main2
;DC_Motor.c,8 :: 		delay_ms(100);
0x0010	0x3002      	MOVLW      2
0x0011	0x00FB      	MOVWF      R11
0x0012	0x3004      	MOVLW      4
0x0013	0x00FC      	MOVWF      R12
0x0014	0x30BA      	MOVLW      186
0x0015	0x00FD      	MOVWF      R13
L_main3:
0x0016	0x0BFD      	DECFSZ     R13, 1
0x0017	0x2816      	GOTO       L_main3
0x0018	0x0BFC      	DECFSZ     R12, 1
0x0019	0x2816      	GOTO       L_main3
0x001A	0x0BFB      	DECFSZ     R11, 1
0x001B	0x2816      	GOTO       L_main3
0x001C	0x0000      	NOP
;DC_Motor.c,9 :: 		if(portd.f0=1) {
0x001D	0x1408      	BSF        PORTD, 0
0x001E	0x1C08      	BTFSS      PORTD, 0
0x001F	0x2823      	GOTO       L_main4
;DC_Motor.c,10 :: 		portb.f0=1;
0x0020	0x1406      	BSF        PORTB, 0
;DC_Motor.c,11 :: 		portb.f1=0;
0x0021	0x1086      	BCF        PORTB, 1
;DC_Motor.c,12 :: 		portb.f2=1;
0x0022	0x1506      	BSF        PORTB, 2
;DC_Motor.c,13 :: 		}
L_main4:
;DC_Motor.c,14 :: 		}
L_main2:
;DC_Motor.c,16 :: 		if(portd.f1=1){
0x0023	0x1488      	BSF        PORTD, 1
0x0024	0x1C88      	BTFSS      PORTD, 1
0x0025	0x2837      	GOTO       L_main5
;DC_Motor.c,17 :: 		delay_ms(100);
0x0026	0x3002      	MOVLW      2
0x0027	0x00FB      	MOVWF      R11
0x0028	0x3004      	MOVLW      4
0x0029	0x00FC      	MOVWF      R12
0x002A	0x30BA      	MOVLW      186
0x002B	0x00FD      	MOVWF      R13
L_main6:
0x002C	0x0BFD      	DECFSZ     R13, 1
0x002D	0x282C      	GOTO       L_main6
0x002E	0x0BFC      	DECFSZ     R12, 1
0x002F	0x282C      	GOTO       L_main6
0x0030	0x0BFB      	DECFSZ     R11, 1
0x0031	0x282C      	GOTO       L_main6
0x0032	0x0000      	NOP
;DC_Motor.c,18 :: 		if(portd.f1=1) {
0x0033	0x1488      	BSF        PORTD, 1
0x0034	0x1C88      	BTFSS      PORTD, 1
0x0035	0x2837      	GOTO       L_main7
;DC_Motor.c,20 :: 		portb.f2=0;
0x0036	0x1106      	BCF        PORTB, 2
;DC_Motor.c,21 :: 		}
L_main7:
;DC_Motor.c,22 :: 		}
L_main5:
;DC_Motor.c,24 :: 		if(portd.f2=1){
0x0037	0x1508      	BSF        PORTD, 2
0x0038	0x1D08      	BTFSS      PORTD, 2
0x0039	0x284D      	GOTO       L_main8
;DC_Motor.c,25 :: 		delay_ms(100);
0x003A	0x3002      	MOVLW      2
0x003B	0x00FB      	MOVWF      R11
0x003C	0x3004      	MOVLW      4
0x003D	0x00FC      	MOVWF      R12
0x003E	0x30BA      	MOVLW      186
0x003F	0x00FD      	MOVWF      R13
L_main9:
0x0040	0x0BFD      	DECFSZ     R13, 1
0x0041	0x2840      	GOTO       L_main9
0x0042	0x0BFC      	DECFSZ     R12, 1
0x0043	0x2840      	GOTO       L_main9
0x0044	0x0BFB      	DECFSZ     R11, 1
0x0045	0x2840      	GOTO       L_main9
0x0046	0x0000      	NOP
;DC_Motor.c,26 :: 		if(portd.f2=1) {
0x0047	0x1508      	BSF        PORTD, 2
0x0048	0x1D08      	BTFSS      PORTD, 2
0x0049	0x284D      	GOTO       L_main10
;DC_Motor.c,27 :: 		portb.f0=0;
0x004A	0x1006      	BCF        PORTB, 0
;DC_Motor.c,28 :: 		portb.f1=1;
0x004B	0x1486      	BSF        PORTB, 1
;DC_Motor.c,29 :: 		portb.f2=1;
0x004C	0x1506      	BSF        PORTB, 2
;DC_Motor.c,30 :: 		}
L_main10:
;DC_Motor.c,31 :: 		}
L_main8:
;DC_Motor.c,33 :: 		if((portb.f0==1 && portb.f2==1)||(portb.f1==1 && portb.f2==1)){
0x004D	0x1C06      	BTFSS      PORTB, 0
0x004E	0x2852      	GOTO       L__main22
0x004F	0x1D06      	BTFSS      PORTB, 2
0x0050	0x2852      	GOTO       L__main22
0x0051	0x2858      	GOTO       L__main20
L__main22:
0x0052	0x1C86      	BTFSS      PORTB, 1
0x0053	0x2857      	GOTO       L__main21
0x0054	0x1D06      	BTFSS      PORTB, 2
0x0055	0x2857      	GOTO       L__main21
0x0056	0x2858      	GOTO       L__main20
L__main21:
0x0057	0x286C      	GOTO       L_main17
L__main20:
;DC_Motor.c,34 :: 		portb.f3=0;
0x0058	0x1186      	BCF        PORTB, 3
;DC_Motor.c,35 :: 		delay_ms(10);
0x0059	0x301A      	MOVLW      26
0x005A	0x00FC      	MOVWF      R12
0x005B	0x30F8      	MOVLW      248
0x005C	0x00FD      	MOVWF      R13
L_main18:
0x005D	0x0BFD      	DECFSZ     R13, 1
0x005E	0x285D      	GOTO       L_main18
0x005F	0x0BFC      	DECFSZ     R12, 1
0x0060	0x285D      	GOTO       L_main18
0x0061	0x0000      	NOP
;DC_Motor.c,36 :: 		portb.f3=1;
0x0062	0x1586      	BSF        PORTB, 3
;DC_Motor.c,37 :: 		delay_ms(10);
0x0063	0x301A      	MOVLW      26
0x0064	0x00FC      	MOVWF      R12
0x0065	0x30F8      	MOVLW      248
0x0066	0x00FD      	MOVWF      R13
L_main19:
0x0067	0x0BFD      	DECFSZ     R13, 1
0x0068	0x2867      	GOTO       L_main19
0x0069	0x0BFC      	DECFSZ     R12, 1
0x006A	0x2867      	GOTO       L_main19
0x006B	0x0000      	NOP
;DC_Motor.c,38 :: 		}
L_main17:
;DC_Motor.c,39 :: 		}
0x006C	0x280D      	GOTO       L_main0
;DC_Motor.c,41 :: 		}
L_end_main:
0x006D	0x286D      	GOTO       $+0
; end of _main
Symbol List:
//** Routines locations **
//ADDRESS    SIZE    PROCEDURE
//----------------------------------------------
0x0003     [107]    _main
//** Variables locations ** 
//ADDRESS    SIZE    VARIABLE
//----------------------------------------------
0x0000       [1]    INDF
0x0003       [1]    STATUS
0x0004       [1]    FSR
0x0006       [1]    PORTB
0x0008       [1]    PORTD
0x000A       [1]    PCLATH
0x0020       [2]    ___DoICPAddr
0x0070       [1]    R0
0x0071       [1]    R1
0x0072       [1]    R2
0x0073       [1]    R3
0x0074       [1]    R4
0x0075       [1]    R5
0x0076       [1]    R6
0x0077       [1]    R7
0x0078       [1]    R8
0x0079       [1]    R9
0x007A       [1]    R10
0x007B       [1]    R11
0x007C       [1]    R12
0x007D       [1]    R13
0x007E       [1]    R14
0x007F       [1]    R15
0x0086       [1]    TRISB
0x0088       [1]    TRISD
