;  LST file generated by mikroListExporter - v.2.0 
; Date/Time: 11/27/2023 11:23:05 PM
;----------------------------------------------

;Address Opcode 	ASM
0x0000	0x2917      	GOTO       279
_Delay_1us:
;__Lib_Delays.c,7 :: 		void Delay_1us() {
;__Lib_Delays.c,8 :: 		Delay_us(1);
0x0003	0x0000      	NOP
0x0004	0x0000      	NOP
;__Lib_Delays.c,9 :: 		}
L_end_Delay_1us:
0x0005	0x0008      	RETURN
; end of _Delay_1us
_Delay_5500us:
;__Lib_Delays.c,31 :: 		void Delay_5500us() {
;__Lib_Delays.c,32 :: 		Delay_us(5500);
0x0006	0x300F      	MOVLW      15
0x0007	0x1283      	BCF        STATUS, 5
0x0008	0x1303      	BCF        STATUS, 6
0x0009	0x00FC      	MOVWF      R12
0x000A	0x3047      	MOVLW      71
0x000B	0x00FD      	MOVWF      R13
L_Delay_5500us5:
0x000C	0x0BFD      	DECFSZ     R13, 1
0x000D	0x280C      	GOTO       L_Delay_5500us5
0x000E	0x0BFC      	DECFSZ     R12, 1
0x000F	0x280C      	GOTO       L_Delay_5500us5
0x0010	0x0000      	NOP
0x0011	0x0000      	NOP
;__Lib_Delays.c,33 :: 		}
L_end_Delay_5500us:
0x0012	0x0008      	RETURN
; end of _Delay_5500us
_Delay_50us:
;__Lib_Delays.c,19 :: 		void Delay_50us() {
;__Lib_Delays.c,20 :: 		Delay_us(50);
0x0013	0x3021      	MOVLW      33
0x0014	0x1283      	BCF        STATUS, 5
0x0015	0x1303      	BCF        STATUS, 6
0x0016	0x00FD      	MOVWF      R13
L_Delay_50us2:
0x0017	0x0BFD      	DECFSZ     R13, 1
0x0018	0x2817      	GOTO       L_Delay_50us2
;__Lib_Delays.c,21 :: 		}
L_end_Delay_50us:
0x0019	0x0008      	RETURN
; end of _Delay_50us
_Lcd_Cmd:
;__Lib_Lcd.c,18 :: 		
;__Lib_Lcd.c,20 :: 		
0x001A	0x1283      	BCF        STATUS, 5
0x001B	0x1303      	BCF        STATUS, 6
0x001C	0x1BE3      	BTFSC      FARG_Lcd_Cmd_out_char, 7
0x001D	0x2820      	GOTO       L__Lcd_Cmd21
0x001E	0x1386      	BCF        LCD_D7, BitPos(LCD_D7+0)
0x001F	0x2821      	GOTO       L__Lcd_Cmd22
L__Lcd_Cmd21:
0x0020	0x1786      	BSF        LCD_D7, BitPos(LCD_D7+0)
L__Lcd_Cmd22:
;__Lib_Lcd.c,21 :: 		
0x0021	0x1B63      	BTFSC      FARG_Lcd_Cmd_out_char, 6
0x0022	0x2825      	GOTO       L__Lcd_Cmd23
0x0023	0x1306      	BCF        LCD_D6, BitPos(LCD_D6+0)
0x0024	0x2826      	GOTO       L__Lcd_Cmd24
L__Lcd_Cmd23:
0x0025	0x1706      	BSF        LCD_D6, BitPos(LCD_D6+0)
L__Lcd_Cmd24:
;__Lib_Lcd.c,22 :: 		
0x0026	0x1AE3      	BTFSC      FARG_Lcd_Cmd_out_char, 5
0x0027	0x282A      	GOTO       L__Lcd_Cmd25
0x0028	0x1286      	BCF        LCD_D5, BitPos(LCD_D5+0)
0x0029	0x282B      	GOTO       L__Lcd_Cmd26
L__Lcd_Cmd25:
0x002A	0x1686      	BSF        LCD_D5, BitPos(LCD_D5+0)
L__Lcd_Cmd26:
;__Lib_Lcd.c,23 :: 		
0x002B	0x1A63      	BTFSC      FARG_Lcd_Cmd_out_char, 4
0x002C	0x282F      	GOTO       L__Lcd_Cmd27
0x002D	0x1206      	BCF        LCD_D4, BitPos(LCD_D4+0)
0x002E	0x2830      	GOTO       L__Lcd_Cmd28
L__Lcd_Cmd27:
0x002F	0x1606      	BSF        LCD_D4, BitPos(LCD_D4+0)
L__Lcd_Cmd28:
;__Lib_Lcd.c,25 :: 		
0x0030	0x1820      	BTFSC      __Lib_Lcd_cmd_status, BitPos(__Lib_Lcd_cmd_status+0)
0x0031	0x2834      	GOTO       L__Lcd_Cmd29
0x0032	0x1506      	BSF        LCD_RS, BitPos(LCD_RS+0)
0x0033	0x2835      	GOTO       L__Lcd_Cmd30
L__Lcd_Cmd29:
0x0034	0x1106      	BCF        LCD_RS, BitPos(LCD_RS+0)
L__Lcd_Cmd30:
;__Lib_Lcd.c,28 :: 		
0x0035	0x1586      	BSF        LCD_EN, BitPos(LCD_EN+0)
;__Lib_Lcd.c,29 :: 		
0x0036	0x2003      	CALL       _Delay_1us
;__Lib_Lcd.c,30 :: 		
0x0037	0x1186      	BCF        LCD_EN, BitPos(LCD_EN+0)
;__Lib_Lcd.c,33 :: 		
0x0038	0x19E3      	BTFSC      FARG_Lcd_Cmd_out_char, 3
0x0039	0x283C      	GOTO       L__Lcd_Cmd31
0x003A	0x1386      	BCF        LCD_D7, BitPos(LCD_D7+0)
0x003B	0x283D      	GOTO       L__Lcd_Cmd32
L__Lcd_Cmd31:
0x003C	0x1786      	BSF        LCD_D7, BitPos(LCD_D7+0)
L__Lcd_Cmd32:
;__Lib_Lcd.c,34 :: 		
0x003D	0x1963      	BTFSC      FARG_Lcd_Cmd_out_char, 2
0x003E	0x2841      	GOTO       L__Lcd_Cmd33
0x003F	0x1306      	BCF        LCD_D6, BitPos(LCD_D6+0)
0x0040	0x2842      	GOTO       L__Lcd_Cmd34
L__Lcd_Cmd33:
0x0041	0x1706      	BSF        LCD_D6, BitPos(LCD_D6+0)
L__Lcd_Cmd34:
;__Lib_Lcd.c,35 :: 		
0x0042	0x18E3      	BTFSC      FARG_Lcd_Cmd_out_char, 1
0x0043	0x2846      	GOTO       L__Lcd_Cmd35
0x0044	0x1286      	BCF        LCD_D5, BitPos(LCD_D5+0)
0x0045	0x2847      	GOTO       L__Lcd_Cmd36
L__Lcd_Cmd35:
0x0046	0x1686      	BSF        LCD_D5, BitPos(LCD_D5+0)
L__Lcd_Cmd36:
;__Lib_Lcd.c,36 :: 		
0x0047	0x1863      	BTFSC      FARG_Lcd_Cmd_out_char, 0
0x0048	0x284B      	GOTO       L__Lcd_Cmd37
0x0049	0x1206      	BCF        LCD_D4, BitPos(LCD_D4+0)
0x004A	0x284C      	GOTO       L__Lcd_Cmd38
L__Lcd_Cmd37:
0x004B	0x1606      	BSF        LCD_D4, BitPos(LCD_D4+0)
L__Lcd_Cmd38:
;__Lib_Lcd.c,38 :: 		
0x004C	0x1820      	BTFSC      __Lib_Lcd_cmd_status, BitPos(__Lib_Lcd_cmd_status+0)
0x004D	0x2850      	GOTO       L__Lcd_Cmd39
0x004E	0x1506      	BSF        LCD_RS, BitPos(LCD_RS+0)
0x004F	0x2851      	GOTO       L__Lcd_Cmd40
L__Lcd_Cmd39:
0x0050	0x1106      	BCF        LCD_RS, BitPos(LCD_RS+0)
L__Lcd_Cmd40:
;__Lib_Lcd.c,40 :: 		
0x0051	0x1586      	BSF        LCD_EN, BitPos(LCD_EN+0)
;__Lib_Lcd.c,41 :: 		
0x0052	0x2003      	CALL       _Delay_1us
;__Lib_Lcd.c,42 :: 		
0x0053	0x1186      	BCF        LCD_EN, BitPos(LCD_EN+0)
;__Lib_Lcd.c,44 :: 		
0x0054	0x1C20      	BTFSS      __Lib_Lcd_cmd_status, BitPos(__Lib_Lcd_cmd_status+0)
0x0055	0x2858      	GOTO       L_Lcd_Cmd0
;__Lib_Lcd.c,45 :: 		
0x0056	0x2006      	CALL       _Delay_5500us
0x0057	0x2859      	GOTO       L_Lcd_Cmd1
L_Lcd_Cmd0:
;__Lib_Lcd.c,47 :: 		
0x0058	0x2013      	CALL       _Delay_50us
L_Lcd_Cmd1:
;__Lib_Lcd.c,48 :: 		
L_end_Lcd_Cmd:
0x0059	0x0008      	RETURN
; end of _Lcd_Cmd
_Lcd_Chr_CP:
;__Lib_Lcd.c,50 :: 		
;__Lib_Lcd.c,52 :: 		
0x005A	0x1283      	BCF        STATUS, 5
0x005B	0x1303      	BCF        STATUS, 6
0x005C	0x1020      	BCF        __Lib_Lcd_cmd_status, BitPos(__Lib_Lcd_cmd_status+0)
;__Lib_Lcd.c,53 :: 		
0x005D	0x0862      	MOVF       FARG_Lcd_Chr_CP_out_char, 0
0x005E	0x00E3      	MOVWF      FARG_Lcd_Cmd_out_char
0x005F	0x201A      	CALL       _Lcd_Cmd
;__Lib_Lcd.c,54 :: 		
0x0060	0x1420      	BSF        __Lib_Lcd_cmd_status, BitPos(__Lib_Lcd_cmd_status+0)
;__Lib_Lcd.c,55 :: 		
L_end_Lcd_Chr_CP:
0x0061	0x0008      	RETURN
; end of _Lcd_Chr_CP
_____DoICP:
;__Lib_System.c,6 :: 		
;__Lib_System.c,9 :: 		
0x0062	0x1283      	BCF        STATUS, 5
0x0063	0x1303      	BCF        STATUS, 6
0x0064	0x0822      	MOVF       ___DoICPAddr+1, 0
0x0065	0x008A      	MOVWF      PCLATH
;__Lib_System.c,10 :: 		
0x0066	0x0821      	MOVF       ___DoICPAddr, 0
0x0067	0x0082      	MOVWF      PCL
;__Lib_System.c,12 :: 		
L_end_____DoICP:
0x0068	0x0008      	RETURN
; end of _____DoICP
___CC2DW:
;__Lib_System.c,134 :: 		
;__Lib_System.c,137 :: 		
_CC2D_Loop1:
;__Lib_System.c,139 :: 		
0x0069	0x2062      	CALL       _____DoICP
0x006A	0x118A      	BCF        PCLATH, 3
0x006B	0x120A      	BCF        PCLATH, 4
;__Lib_System.c,141 :: 		
0x006C	0x0080      	MOVWF      INDF
;__Lib_System.c,142 :: 		
0x006D	0x0A84      	INCF       FSR, 1
;__Lib_System.c,143 :: 		
0x006E	0x0AA1      	INCF       ___DoICPAddr, 1
;__Lib_System.c,145 :: 		
0x006F	0x1903      	BTFSC      STATUS, 2
;__Lib_System.c,146 :: 		
0x0070	0x0AA2      	INCF       ___DoICPAddr+1, 1
;__Lib_System.c,147 :: 		
0x0071	0x03F0      	DECF       R0, 1
;__Lib_System.c,149 :: 		
0x0072	0x1D03      	BTFSS      STATUS, 2
;__Lib_System.c,150 :: 		
0x0073	0x2869      	GOTO       _CC2D_Loop1
;__Lib_System.c,152 :: 		
L_end___CC2DW:
0x0074	0x0008      	RETURN
; end of ___CC2DW
_Lcd_Out:
;__Lib_Lcd.c,184 :: 		
;__Lib_Lcd.c,187 :: 		
0x0075	0x2887      	GOTO       L_Lcd_Out11
;__Lib_Lcd.c,188 :: 		
L_Lcd_Out13:
0x0076	0x3080      	MOVLW      128
0x0077	0x1283      	BCF        STATUS, 5
0x0078	0x1303      	BCF        STATUS, 6
0x0079	0x00DE      	MOVWF      FARG_Lcd_Out_row
0x007A	0x289A      	GOTO       L_Lcd_Out12
;__Lib_Lcd.c,189 :: 		
L_Lcd_Out14:
0x007B	0x30C0      	MOVLW      192
0x007C	0x00DE      	MOVWF      FARG_Lcd_Out_row
0x007D	0x289A      	GOTO       L_Lcd_Out12
;__Lib_Lcd.c,190 :: 		
L_Lcd_Out15:
0x007E	0x3094      	MOVLW      148
0x007F	0x00DE      	MOVWF      FARG_Lcd_Out_row
0x0080	0x289A      	GOTO       L_Lcd_Out12
;__Lib_Lcd.c,191 :: 		
L_Lcd_Out16:
0x0081	0x30D4      	MOVLW      212
0x0082	0x00DE      	MOVWF      FARG_Lcd_Out_row
0x0083	0x289A      	GOTO       L_Lcd_Out12
;__Lib_Lcd.c,192 :: 		
L_Lcd_Out17:
0x0084	0x3080      	MOVLW      128
0x0085	0x00DE      	MOVWF      FARG_Lcd_Out_row
;__Lib_Lcd.c,193 :: 		
0x0086	0x289A      	GOTO       L_Lcd_Out12
L_Lcd_Out11:
0x0087	0x1283      	BCF        STATUS, 5
0x0088	0x1303      	BCF        STATUS, 6
0x0089	0x085E      	MOVF       FARG_Lcd_Out_row, 0
0x008A	0x3A01      	XORLW      1
0x008B	0x1903      	BTFSC      STATUS, 2
0x008C	0x2876      	GOTO       L_Lcd_Out13
0x008D	0x085E      	MOVF       FARG_Lcd_Out_row, 0
0x008E	0x3A02      	XORLW      2
0x008F	0x1903      	BTFSC      STATUS, 2
0x0090	0x287B      	GOTO       L_Lcd_Out14
0x0091	0x085E      	MOVF       FARG_Lcd_Out_row, 0
0x0092	0x3A03      	XORLW      3
0x0093	0x1903      	BTFSC      STATUS, 2
0x0094	0x287E      	GOTO       L_Lcd_Out15
0x0095	0x085E      	MOVF       FARG_Lcd_Out_row, 0
0x0096	0x3A04      	XORLW      4
0x0097	0x1903      	BTFSC      STATUS, 2
0x0098	0x2881      	GOTO       L_Lcd_Out16
0x0099	0x2884      	GOTO       L_Lcd_Out17
L_Lcd_Out12:
;__Lib_Lcd.c,194 :: 		
0x009A	0x035F      	DECF       FARG_Lcd_Out_column, 0
0x009B	0x00F0      	MOVWF      R0
0x009C	0x085E      	MOVF       FARG_Lcd_Out_row, 0
0x009D	0x07F0      	ADDWF      R0, 1
0x009E	0x0870      	MOVF       R0, 0
0x009F	0x00DE      	MOVWF      FARG_Lcd_Out_row
;__Lib_Lcd.c,196 :: 		
0x00A0	0x0870      	MOVF       R0, 0
0x00A1	0x00E3      	MOVWF      FARG_Lcd_Cmd_out_char
0x00A2	0x201A      	CALL       _Lcd_Cmd
;__Lib_Lcd.c,197 :: 		
0x00A3	0x1020      	BCF        __Lib_Lcd_cmd_status, BitPos(__Lib_Lcd_cmd_status+0)
;__Lib_Lcd.c,198 :: 		
0x00A4	0x01E1      	CLRF       Lcd_Out_i_L0
;__Lib_Lcd.c,199 :: 		
L_Lcd_Out18:
0x00A5	0x0861      	MOVF       Lcd_Out_i_L0, 0
0x00A6	0x0760      	ADDWF      FARG_Lcd_Out_text, 0
0x00A7	0x0084      	MOVWF      FSR
0x00A8	0x0800      	MOVF       INDF, 0
0x00A9	0x1903      	BTFSC      STATUS, 2
0x00AA	0x28B3      	GOTO       L_Lcd_Out19
;__Lib_Lcd.c,200 :: 		
0x00AB	0x0861      	MOVF       Lcd_Out_i_L0, 0
0x00AC	0x0760      	ADDWF      FARG_Lcd_Out_text, 0
0x00AD	0x0084      	MOVWF      FSR
0x00AE	0x0800      	MOVF       INDF, 0
0x00AF	0x00E2      	MOVWF      FARG_Lcd_Chr_CP_out_char
0x00B0	0x205A      	CALL       _Lcd_Chr_CP
0x00B1	0x0AE1      	INCF       Lcd_Out_i_L0, 1
0x00B2	0x28A5      	GOTO       L_Lcd_Out18
L_Lcd_Out19:
;__Lib_Lcd.c,201 :: 		
0x00B3	0x1420      	BSF        __Lib_Lcd_cmd_status, BitPos(__Lib_Lcd_cmd_status+0)
;__Lib_Lcd.c,202 :: 		
L_end_Lcd_Out:
0x00B4	0x0008      	RETURN
; end of _Lcd_Out
_Lcd_Init:
;__Lib_Lcd.c,84 :: 		
;__Lib_Lcd.c,86 :: 		
0x00B5	0x1683      	BSF        STATUS, 5
0x00B6	0x1303      	BCF        STATUS, 6
0x00B7	0x1186      	BCF        LCD_EN_Direction, BitPos(LCD_EN_Direction+0)
;__Lib_Lcd.c,87 :: 		
0x00B8	0x1106      	BCF        LCD_RS_Direction, BitPos(LCD_RS_Direction+0)
;__Lib_Lcd.c,88 :: 		
0x00B9	0x1206      	BCF        LCD_D4_Direction, BitPos(LCD_D4_Direction+0)
;__Lib_Lcd.c,89 :: 		
0x00BA	0x1286      	BCF        LCD_D5_Direction, BitPos(LCD_D5_Direction+0)
;__Lib_Lcd.c,90 :: 		
0x00BB	0x1306      	BCF        LCD_D6_Direction, BitPos(LCD_D6_Direction+0)
;__Lib_Lcd.c,91 :: 		
0x00BC	0x1386      	BCF        LCD_D7_Direction, BitPos(LCD_D7_Direction+0)
;__Lib_Lcd.c,93 :: 		
0x00BD	0x1283      	BCF        STATUS, 5
0x00BE	0x1186      	BCF        LCD_EN, BitPos(LCD_EN+0)
;__Lib_Lcd.c,94 :: 		
0x00BF	0x1106      	BCF        LCD_RS, BitPos(LCD_RS+0)
;__Lib_Lcd.c,95 :: 		
0x00C0	0x1386      	BCF        LCD_D7, BitPos(LCD_D7+0)
;__Lib_Lcd.c,96 :: 		
0x00C1	0x1306      	BCF        LCD_D6, BitPos(LCD_D6+0)
;__Lib_Lcd.c,97 :: 		
0x00C2	0x1286      	BCF        LCD_D5, BitPos(LCD_D5+0)
;__Lib_Lcd.c,98 :: 		
0x00C3	0x1206      	BCF        LCD_D4, BitPos(LCD_D4+0)
;__Lib_Lcd.c,100 :: 		
0x00C4	0x2006      	CALL       _Delay_5500us
;__Lib_Lcd.c,101 :: 		
0x00C5	0x2006      	CALL       _Delay_5500us
;__Lib_Lcd.c,102 :: 		
0x00C6	0x2006      	CALL       _Delay_5500us
;__Lib_Lcd.c,105 :: 		
0x00C7	0x1686      	BSF        LCD_D5, BitPos(LCD_D5+0)
;__Lib_Lcd.c,106 :: 		
0x00C8	0x1606      	BSF        LCD_D4, BitPos(LCD_D4+0)
;__Lib_Lcd.c,107 :: 		
0x00C9	0x1586      	BSF        LCD_EN, BitPos(LCD_EN+0)
;__Lib_Lcd.c,108 :: 		
0x00CA	0x2003      	CALL       _Delay_1us
;__Lib_Lcd.c,109 :: 		
0x00CB	0x1186      	BCF        LCD_EN, BitPos(LCD_EN+0)
;__Lib_Lcd.c,110 :: 		
0x00CC	0x2006      	CALL       _Delay_5500us
;__Lib_Lcd.c,112 :: 		
0x00CD	0x1586      	BSF        LCD_EN, BitPos(LCD_EN+0)
;__Lib_Lcd.c,113 :: 		
0x00CE	0x2003      	CALL       _Delay_1us
;__Lib_Lcd.c,114 :: 		
0x00CF	0x1186      	BCF        LCD_EN, BitPos(LCD_EN+0)
;__Lib_Lcd.c,115 :: 		
0x00D0	0x2006      	CALL       _Delay_5500us
;__Lib_Lcd.c,117 :: 		
0x00D1	0x1586      	BSF        LCD_EN, BitPos(LCD_EN+0)
;__Lib_Lcd.c,118 :: 		
0x00D2	0x2003      	CALL       _Delay_1us
;__Lib_Lcd.c,119 :: 		
0x00D3	0x1186      	BCF        LCD_EN, BitPos(LCD_EN+0)
;__Lib_Lcd.c,120 :: 		
0x00D4	0x2006      	CALL       _Delay_5500us
;__Lib_Lcd.c,123 :: 		
0x00D5	0x1206      	BCF        LCD_D4, BitPos(LCD_D4+0)
;__Lib_Lcd.c,124 :: 		
0x00D6	0x1586      	BSF        LCD_EN, BitPos(LCD_EN+0)
;__Lib_Lcd.c,125 :: 		
0x00D7	0x2003      	CALL       _Delay_1us
;__Lib_Lcd.c,126 :: 		
0x00D8	0x1186      	BCF        LCD_EN, BitPos(LCD_EN+0)
;__Lib_Lcd.c,127 :: 		
0x00D9	0x2006      	CALL       _Delay_5500us
;__Lib_Lcd.c,130 :: 		
0x00DA	0x1586      	BSF        LCD_EN, BitPos(LCD_EN+0)
;__Lib_Lcd.c,131 :: 		
0x00DB	0x2003      	CALL       _Delay_1us
;__Lib_Lcd.c,132 :: 		
0x00DC	0x1186      	BCF        LCD_EN, BitPos(LCD_EN+0)
;__Lib_Lcd.c,134 :: 		
0x00DD	0x1286      	BCF        LCD_D5, BitPos(LCD_D5+0)
;__Lib_Lcd.c,135 :: 		
0x00DE	0x1786      	BSF        LCD_D7, BitPos(LCD_D7+0)
;__Lib_Lcd.c,136 :: 		
0x00DF	0x1586      	BSF        LCD_EN, BitPos(LCD_EN+0)
;__Lib_Lcd.c,137 :: 		
0x00E0	0x2003      	CALL       _Delay_1us
;__Lib_Lcd.c,138 :: 		
0x00E1	0x1186      	BCF        LCD_EN, BitPos(LCD_EN+0)
;__Lib_Lcd.c,139 :: 		
0x00E2	0x2006      	CALL       _Delay_5500us
;__Lib_Lcd.c,142 :: 		
0x00E3	0x1386      	BCF        LCD_D7, BitPos(LCD_D7+0)
;__Lib_Lcd.c,143 :: 		
0x00E4	0x1606      	BSF        LCD_D4, BitPos(LCD_D4+0)
;__Lib_Lcd.c,144 :: 		
0x00E5	0x1586      	BSF        LCD_EN, BitPos(LCD_EN+0)
;__Lib_Lcd.c,145 :: 		
0x00E6	0x2003      	CALL       _Delay_1us
;__Lib_Lcd.c,146 :: 		
0x00E7	0x1186      	BCF        LCD_EN, BitPos(LCD_EN+0)
;__Lib_Lcd.c,148 :: 		
0x00E8	0x1206      	BCF        LCD_D4, BitPos(LCD_D4+0)
;__Lib_Lcd.c,149 :: 		
0x00E9	0x1586      	BSF        LCD_EN, BitPos(LCD_EN+0)
;__Lib_Lcd.c,150 :: 		
0x00EA	0x2003      	CALL       _Delay_1us
;__Lib_Lcd.c,151 :: 		
0x00EB	0x1186      	BCF        LCD_EN, BitPos(LCD_EN+0)
;__Lib_Lcd.c,152 :: 		
0x00EC	0x2006      	CALL       _Delay_5500us
;__Lib_Lcd.c,155 :: 		
0x00ED	0x1586      	BSF        LCD_EN, BitPos(LCD_EN+0)
;__Lib_Lcd.c,156 :: 		
0x00EE	0x2003      	CALL       _Delay_1us
;__Lib_Lcd.c,157 :: 		
0x00EF	0x1186      	BCF        LCD_EN, BitPos(LCD_EN+0)
;__Lib_Lcd.c,159 :: 		
0x00F0	0x1606      	BSF        LCD_D4, BitPos(LCD_D4+0)
;__Lib_Lcd.c,160 :: 		
0x00F1	0x1586      	BSF        LCD_EN, BitPos(LCD_EN+0)
;__Lib_Lcd.c,161 :: 		
0x00F2	0x2003      	CALL       _Delay_1us
;__Lib_Lcd.c,162 :: 		
0x00F3	0x1186      	BCF        LCD_EN, BitPos(LCD_EN+0)
;__Lib_Lcd.c,163 :: 		
0x00F4	0x2006      	CALL       _Delay_5500us
;__Lib_Lcd.c,166 :: 		
0x00F5	0x1206      	BCF        LCD_D4, BitPos(LCD_D4+0)
;__Lib_Lcd.c,167 :: 		
0x00F6	0x1586      	BSF        LCD_EN, BitPos(LCD_EN+0)
;__Lib_Lcd.c,168 :: 		
0x00F7	0x2003      	CALL       _Delay_1us
;__Lib_Lcd.c,169 :: 		
0x00F8	0x1186      	BCF        LCD_EN, BitPos(LCD_EN+0)
;__Lib_Lcd.c,171 :: 		
0x00F9	0x1786      	BSF        LCD_D7, BitPos(LCD_D7+0)
;__Lib_Lcd.c,172 :: 		
0x00FA	0x1706      	BSF        LCD_D6, BitPos(LCD_D6+0)
;__Lib_Lcd.c,173 :: 		
0x00FB	0x1686      	BSF        LCD_D5, BitPos(LCD_D5+0)
;__Lib_Lcd.c,174 :: 		
0x00FC	0x1606      	BSF        LCD_D4, BitPos(LCD_D4+0)
;__Lib_Lcd.c,175 :: 		
0x00FD	0x1586      	BSF        LCD_EN, BitPos(LCD_EN+0)
;__Lib_Lcd.c,176 :: 		
0x00FE	0x2003      	CALL       _Delay_1us
;__Lib_Lcd.c,177 :: 		
0x00FF	0x1186      	BCF        LCD_EN, BitPos(LCD_EN+0)
;__Lib_Lcd.c,179 :: 		
0x0100	0x2006      	CALL       _Delay_5500us
;__Lib_Lcd.c,181 :: 		
0x0101	0x1420      	BSF        __Lib_Lcd_cmd_status, BitPos(__Lib_Lcd_cmd_status+0)
;__Lib_Lcd.c,182 :: 		
L_end_Lcd_Init:
0x0102	0x0008      	RETURN
; end of _Lcd_Init
_getStringLength:
;lcd.c,15 :: 		int getStringLength(char *str) {
;lcd.c,16 :: 		int length = 0;
0x0103	0x1283      	BCF        STATUS, 5
0x0104	0x1303      	BCF        STATUS, 6
0x0105	0x01DF      	CLRF       getStringLength_length_L0
0x0106	0x01E0      	CLRF       getStringLength_length_L0+1
;lcd.c,18 :: 		while (*str != '\0') {
L_getStringLength0:
0x0107	0x085E      	MOVF       FARG_getStringLength_str, 0
0x0108	0x0084      	MOVWF      FSR
0x0109	0x0800      	MOVF       INDF, 0
0x010A	0x3A00      	XORLW      0
0x010B	0x1903      	BTFSC      STATUS, 2
0x010C	0x2912      	GOTO       L_getStringLength1
;lcd.c,19 :: 		length++;
0x010D	0x0ADF      	INCF       getStringLength_length_L0, 1
0x010E	0x1903      	BTFSC      STATUS, 2
0x010F	0x0AE0      	INCF       getStringLength_length_L0+1, 1
;lcd.c,20 :: 		str++;
0x0110	0x0ADE      	INCF       FARG_getStringLength_str, 1
;lcd.c,21 :: 		}
0x0111	0x2907      	GOTO       L_getStringLength0
L_getStringLength1:
;lcd.c,23 :: 		return length;
0x0112	0x085F      	MOVF       getStringLength_length_L0, 0
0x0113	0x00F0      	MOVWF      R0
0x0114	0x0860      	MOVF       getStringLength_length_L0+1, 0
0x0115	0x00F1      	MOVWF      R0+1
;lcd.c,24 :: 		}
L_end_getStringLength:
0x0116	0x0008      	RETURN
; end of _getStringLength
_main:
;lcd.c,26 :: 		void main() {
;lcd.c,28 :: 		char a[] = "Hi i am rakibul islam rakib. sherpur  is my home town.";
0x0117	0x3048      	MOVLW      72
0x0118	0x1283      	BCF        STATUS, 5
0x0119	0x1303      	BCF        STATUS, 6
0x011A	0x00A7      	MOVWF      main_a_L0
0x011B	0x3069      	MOVLW      105
0x011C	0x00A8      	MOVWF      main_a_L0+1
0x011D	0x3020      	MOVLW      32
0x011E	0x00A9      	MOVWF      main_a_L0+2
0x011F	0x3069      	MOVLW      105
0x0120	0x00AA      	MOVWF      main_a_L0+3
0x0121	0x3020      	MOVLW      32
0x0122	0x00AB      	MOVWF      main_a_L0+4
0x0123	0x3061      	MOVLW      97
0x0124	0x00AC      	MOVWF      main_a_L0+5
0x0125	0x306D      	MOVLW      109
0x0126	0x00AD      	MOVWF      main_a_L0+6
0x0127	0x3020      	MOVLW      32
0x0128	0x00AE      	MOVWF      main_a_L0+7
0x0129	0x3072      	MOVLW      114
0x012A	0x00AF      	MOVWF      main_a_L0+8
0x012B	0x3061      	MOVLW      97
0x012C	0x00B0      	MOVWF      main_a_L0+9
0x012D	0x306B      	MOVLW      107
0x012E	0x00B1      	MOVWF      main_a_L0+10
0x012F	0x3069      	MOVLW      105
0x0130	0x00B2      	MOVWF      main_a_L0+11
0x0131	0x3062      	MOVLW      98
0x0132	0x00B3      	MOVWF      main_a_L0+12
0x0133	0x3075      	MOVLW      117
0x0134	0x00B4      	MOVWF      main_a_L0+13
0x0135	0x306C      	MOVLW      108
0x0136	0x00B5      	MOVWF      main_a_L0+14
0x0137	0x3020      	MOVLW      32
0x0138	0x00B6      	MOVWF      main_a_L0+15
0x0139	0x3069      	MOVLW      105
0x013A	0x00B7      	MOVWF      main_a_L0+16
0x013B	0x3073      	MOVLW      115
0x013C	0x00B8      	MOVWF      main_a_L0+17
0x013D	0x306C      	MOVLW      108
0x013E	0x00B9      	MOVWF      main_a_L0+18
0x013F	0x3061      	MOVLW      97
0x0140	0x00BA      	MOVWF      main_a_L0+19
0x0141	0x306D      	MOVLW      109
0x0142	0x00BB      	MOVWF      main_a_L0+20
0x0143	0x3020      	MOVLW      32
0x0144	0x00BC      	MOVWF      main_a_L0+21
0x0145	0x3072      	MOVLW      114
0x0146	0x00BD      	MOVWF      main_a_L0+22
0x0147	0x3061      	MOVLW      97
0x0148	0x00BE      	MOVWF      main_a_L0+23
0x0149	0x306B      	MOVLW      107
0x014A	0x00BF      	MOVWF      main_a_L0+24
0x014B	0x3069      	MOVLW      105
0x014C	0x00C0      	MOVWF      main_a_L0+25
0x014D	0x3062      	MOVLW      98
0x014E	0x00C1      	MOVWF      main_a_L0+26
0x014F	0x302E      	MOVLW      46
0x0150	0x00C2      	MOVWF      main_a_L0+27
0x0151	0x3020      	MOVLW      32
0x0152	0x00C3      	MOVWF      main_a_L0+28
0x0153	0x3073      	MOVLW      115
0x0154	0x00C4      	MOVWF      main_a_L0+29
0x0155	0x3068      	MOVLW      104
0x0156	0x00C5      	MOVWF      main_a_L0+30
0x0157	0x3065      	MOVLW      101
0x0158	0x00C6      	MOVWF      main_a_L0+31
0x0159	0x3072      	MOVLW      114
0x015A	0x00C7      	MOVWF      main_a_L0+32
0x015B	0x3070      	MOVLW      112
0x015C	0x00C8      	MOVWF      main_a_L0+33
0x015D	0x3075      	MOVLW      117
0x015E	0x00C9      	MOVWF      main_a_L0+34
0x015F	0x3072      	MOVLW      114
0x0160	0x00CA      	MOVWF      main_a_L0+35
0x0161	0x3020      	MOVLW      32
0x0162	0x00CB      	MOVWF      main_a_L0+36
0x0163	0x3020      	MOVLW      32
0x0164	0x00CC      	MOVWF      main_a_L0+37
0x0165	0x3069      	MOVLW      105
0x0166	0x00CD      	MOVWF      main_a_L0+38
0x0167	0x3073      	MOVLW      115
0x0168	0x00CE      	MOVWF      main_a_L0+39
0x0169	0x3020      	MOVLW      32
0x016A	0x00CF      	MOVWF      main_a_L0+40
0x016B	0x306D      	MOVLW      109
0x016C	0x00D0      	MOVWF      main_a_L0+41
0x016D	0x3079      	MOVLW      121
0x016E	0x00D1      	MOVWF      main_a_L0+42
0x016F	0x3020      	MOVLW      32
0x0170	0x00D2      	MOVWF      main_a_L0+43
0x0171	0x3068      	MOVLW      104
0x0172	0x00D3      	MOVWF      main_a_L0+44
0x0173	0x306F      	MOVLW      111
0x0174	0x00D4      	MOVWF      main_a_L0+45
0x0175	0x306D      	MOVLW      109
0x0176	0x00D5      	MOVWF      main_a_L0+46
0x0177	0x3065      	MOVLW      101
0x0178	0x00D6      	MOVWF      main_a_L0+47
0x0179	0x3020      	MOVLW      32
0x017A	0x00D7      	MOVWF      main_a_L0+48
0x017B	0x3074      	MOVLW      116
0x017C	0x00D8      	MOVWF      main_a_L0+49
0x017D	0x306F      	MOVLW      111
0x017E	0x00D9      	MOVWF      main_a_L0+50
0x017F	0x3077      	MOVLW      119
0x0180	0x00DA      	MOVWF      main_a_L0+51
0x0181	0x306E      	MOVLW      110
0x0182	0x00DB      	MOVWF      main_a_L0+52
0x0183	0x302E      	MOVLW      46
0x0184	0x00DC      	MOVWF      main_a_L0+53
0x0185	0x01DD      	CLRF       main_a_L0+54
0x0186	0x3049      	MOVLW      73
0x0187	0x1683      	BSF        STATUS, 5
0x0188	0x00A0      	MOVWF      main_b_L0
0x0189	0x3027      	MOVLW      39
0x018A	0x00A1      	MOVWF      main_b_L0+1
0x018B	0x306D      	MOVLW      109
0x018C	0x00A2      	MOVWF      main_b_L0+2
0x018D	0x3020      	MOVLW      32
0x018E	0x00A3      	MOVWF      main_b_L0+3
0x018F	0x3061      	MOVLW      97
0x0190	0x00A4      	MOVWF      main_b_L0+4
0x0191	0x3020      	MOVLW      32
0x0192	0x00A5      	MOVWF      main_b_L0+5
0x0193	0x3063      	MOVLW      99
0x0194	0x00A6      	MOVWF      main_b_L0+6
0x0195	0x306F      	MOVLW      111
0x0196	0x00A7      	MOVWF      main_b_L0+7
0x0197	0x306D      	MOVLW      109
0x0198	0x00A8      	MOVWF      main_b_L0+8
0x0199	0x3070      	MOVLW      112
0x019A	0x00A9      	MOVWF      main_b_L0+9
0x019B	0x3075      	MOVLW      117
0x019C	0x00AA      	MOVWF      main_b_L0+10
0x019D	0x3074      	MOVLW      116
0x019E	0x00AB      	MOVWF      main_b_L0+11
0x019F	0x3065      	MOVLW      101
0x01A0	0x00AC      	MOVWF      main_b_L0+12
0x01A1	0x3072      	MOVLW      114
0x01A2	0x00AD      	MOVWF      main_b_L0+13
0x01A3	0x3020      	MOVLW      32
0x01A4	0x00AE      	MOVWF      main_b_L0+14
0x01A5	0x3065      	MOVLW      101
0x01A6	0x00AF      	MOVWF      main_b_L0+15
0x01A7	0x306E      	MOVLW      110
0x01A8	0x00B0      	MOVWF      main_b_L0+16
0x01A9	0x3067      	MOVLW      103
0x01AA	0x00B1      	MOVWF      main_b_L0+17
0x01AB	0x3069      	MOVLW      105
0x01AC	0x00B2      	MOVWF      main_b_L0+18
0x01AD	0x306E      	MOVLW      110
0x01AE	0x00B3      	MOVWF      main_b_L0+19
0x01AF	0x3065      	MOVLW      101
0x01B0	0x00B4      	MOVWF      main_b_L0+20
0x01B1	0x3065      	MOVLW      101
0x01B2	0x00B5      	MOVWF      main_b_L0+21
0x01B3	0x3072      	MOVLW      114
0x01B4	0x00B6      	MOVWF      main_b_L0+22
0x01B5	0x302E      	MOVLW      46
0x01B6	0x00B7      	MOVWF      main_b_L0+23
0x01B7	0x3020      	MOVLW      32
0x01B8	0x00B8      	MOVWF      main_b_L0+24
0x01B9	0x304E      	MOVLW      78
0x01BA	0x00B9      	MOVWF      main_b_L0+25
0x01BB	0x306F      	MOVLW      111
0x01BC	0x00BA      	MOVWF      main_b_L0+26
0x01BD	0x3077      	MOVLW      119
0x01BE	0x00BB      	MOVWF      main_b_L0+27
0x01BF	0x3020      	MOVLW      32
0x01C0	0x00BC      	MOVWF      main_b_L0+28
0x01C1	0x3049      	MOVLW      73
0x01C2	0x00BD      	MOVWF      main_b_L0+29
0x01C3	0x3020      	MOVLW      32
0x01C4	0x00BE      	MOVWF      main_b_L0+30
0x01C5	0x3061      	MOVLW      97
0x01C6	0x00BF      	MOVWF      main_b_L0+31
0x01C7	0x306D      	MOVLW      109
0x01C8	0x00C0      	MOVWF      main_b_L0+32
0x01C9	0x3020      	MOVLW      32
0x01CA	0x00C1      	MOVWF      main_b_L0+33
0x01CB	0x3061      	MOVLW      97
0x01CC	0x00C2      	MOVWF      main_b_L0+34
0x01CD	0x3074      	MOVLW      116
0x01CE	0x00C3      	MOVWF      main_b_L0+35
0x01CF	0x3020      	MOVLW      32
0x01D0	0x00C4      	MOVWF      main_b_L0+36
0x01D1	0x3034      	MOVLW      52
0x01D2	0x00C5      	MOVWF      main_b_L0+37
0x01D3	0x3032      	MOVLW      50
0x01D4	0x00C6      	MOVWF      main_b_L0+38
0x01D5	0x3020      	MOVLW      32
0x01D6	0x00C7      	MOVWF      main_b_L0+39
0x01D7	0x3020      	MOVLW      32
0x01D8	0x00C8      	MOVWF      main_b_L0+40
0x01D9	0x3020      	MOVLW      32
0x01DA	0x00C9      	MOVWF      main_b_L0+41
0x01DB	0x3020      	MOVLW      32
0x01DC	0x00CA      	MOVWF      main_b_L0+42
0x01DD	0x3020      	MOVLW      32
0x01DE	0x00CB      	MOVWF      main_b_L0+43
0x01DF	0x3020      	MOVLW      32
0x01E0	0x00CC      	MOVWF      main_b_L0+44
0x01E1	0x3020      	MOVLW      32
0x01E2	0x00CD      	MOVWF      main_b_L0+45
0x01E3	0x3020      	MOVLW      32
0x01E4	0x00CE      	MOVWF      main_b_L0+46
0x01E5	0x3020      	MOVLW      32
0x01E6	0x00CF      	MOVWF      main_b_L0+47
0x01E7	0x3020      	MOVLW      32
0x01E8	0x00D0      	MOVWF      main_b_L0+48
0x01E9	0x3020      	MOVLW      32
0x01EA	0x00D1      	MOVWF      main_b_L0+49
0x01EB	0x3020      	MOVLW      32
0x01EC	0x00D2      	MOVWF      main_b_L0+50
0x01ED	0x3020      	MOVLW      32
0x01EE	0x00D3      	MOVWF      main_b_L0+51
0x01EF	0x3020      	MOVLW      32
0x01F0	0x00D4      	MOVWF      main_b_L0+52
0x01F1	0x01D5      	CLRF       main_b_L0+53
;lcd.c,30 :: 		int a_length = getStringLength(a);
0x01F2	0x3027      	MOVLW      main_a_L0
0x01F3	0x1283      	BCF        STATUS, 5
0x01F4	0x00DE      	MOVWF      FARG_getStringLength_str
0x01F5	0x2103      	CALL       _getStringLength
0x01F6	0x0870      	MOVF       R0, 0
0x01F7	0x00A5      	MOVWF      main_a_length_L0
0x01F8	0x0871      	MOVF       R0+1, 0
0x01F9	0x00A6      	MOVWF      main_a_length_L0+1
;lcd.c,31 :: 		int b_length = getStringLength(b);
0x01FA	0x30A0      	MOVLW      main_b_L0
0x01FB	0x00DE      	MOVWF      FARG_getStringLength_str
0x01FC	0x2103      	CALL       _getStringLength
;lcd.c,33 :: 		lcd_init();
0x01FD	0x20B5      	CALL       _Lcd_Init
;lcd.c,34 :: 		lcd_cmd(_lcd_cursor_off);
0x01FE	0x300C      	MOVLW      12
0x01FF	0x00E3      	MOVWF      FARG_Lcd_Cmd_out_char
0x0200	0x201A      	CALL       _Lcd_Cmd
;lcd.c,35 :: 		lcd_out(1,1,a);
0x0201	0x3001      	MOVLW      1
0x0202	0x00DE      	MOVWF      FARG_Lcd_Out_row
0x0203	0x3001      	MOVLW      1
0x0204	0x00DF      	MOVWF      FARG_Lcd_Out_column
0x0205	0x3027      	MOVLW      main_a_L0
0x0206	0x00E0      	MOVWF      FARG_Lcd_Out_text
0x0207	0x2075      	CALL       _Lcd_Out
;lcd.c,36 :: 		lcd_out(2,1,b);
0x0208	0x3002      	MOVLW      2
0x0209	0x00DE      	MOVWF      FARG_Lcd_Out_row
0x020A	0x3001      	MOVLW      1
0x020B	0x00DF      	MOVWF      FARG_Lcd_Out_column
0x020C	0x30A0      	MOVLW      main_b_L0
0x020D	0x00E0      	MOVWF      FARG_Lcd_Out_text
0x020E	0x2075      	CALL       _Lcd_Out
;lcd.c,37 :: 		Delay_ms(500);
0x020F	0x3006      	MOVLW      6
0x0210	0x00FB      	MOVWF      R11
0x0211	0x3013      	MOVLW      19
0x0212	0x00FC      	MOVWF      R12
0x0213	0x30AD      	MOVLW      173
0x0214	0x00FD      	MOVWF      R13
L_main2:
0x0215	0x0BFD      	DECFSZ     R13, 1
0x0216	0x2A15      	GOTO       L_main2
0x0217	0x0BFC      	DECFSZ     R12, 1
0x0218	0x2A15      	GOTO       L_main2
0x0219	0x0BFB      	DECFSZ     R11, 1
0x021A	0x2A15      	GOTO       L_main2
0x021B	0x0000      	NOP
0x021C	0x0000      	NOP
;lcd.c,39 :: 		while(1){
L_main3:
;lcd.c,40 :: 		for(i=0;i<a_length-17;i++){
0x021D	0x01A3      	CLRF       main_i_L0
0x021E	0x01A4      	CLRF       main_i_L0+1
L_main5:
0x021F	0x3011      	MOVLW      17
0x0220	0x0225      	SUBWF      main_a_length_L0, 0
0x0221	0x00F1      	MOVWF      R1
0x0222	0x3000      	MOVLW      0
0x0223	0x1C03      	BTFSS      STATUS, 0
0x0224	0x3E01      	ADDLW      1
0x0225	0x0226      	SUBWF      main_a_length_L0+1, 0
0x0226	0x00F2      	MOVWF      R1+1
0x0227	0x3080      	MOVLW      128
0x0228	0x0624      	XORWF      main_i_L0+1, 0
0x0229	0x00F0      	MOVWF      R0
0x022A	0x3080      	MOVLW      128
0x022B	0x0672      	XORWF      R1+1, 0
0x022C	0x0270      	SUBWF      R0, 0
0x022D	0x1D03      	BTFSS      STATUS, 2
0x022E	0x2A31      	GOTO       L__main15
0x022F	0x0871      	MOVF       R1, 0
0x0230	0x0223      	SUBWF      main_i_L0, 0
L__main15:
0x0231	0x1803      	BTFSC      STATUS, 0
0x0232	0x2A48      	GOTO       L_main6
;lcd.c,41 :: 		lcd_cmd(_lcd_shift_left);
0x0233	0x3018      	MOVLW      24
0x0234	0x00E3      	MOVWF      FARG_Lcd_Cmd_out_char
0x0235	0x201A      	CALL       _Lcd_Cmd
;lcd.c,42 :: 		delay_ms(500);
0x0236	0x3006      	MOVLW      6
0x0237	0x00FB      	MOVWF      R11
0x0238	0x3013      	MOVLW      19
0x0239	0x00FC      	MOVWF      R12
0x023A	0x30AD      	MOVLW      173
0x023B	0x00FD      	MOVWF      R13
L_main8:
0x023C	0x0BFD      	DECFSZ     R13, 1
0x023D	0x2A3C      	GOTO       L_main8
0x023E	0x0BFC      	DECFSZ     R12, 1
0x023F	0x2A3C      	GOTO       L_main8
0x0240	0x0BFB      	DECFSZ     R11, 1
0x0241	0x2A3C      	GOTO       L_main8
0x0242	0x0000      	NOP
0x0243	0x0000      	NOP
;lcd.c,40 :: 		for(i=0;i<a_length-17;i++){
0x0244	0x0AA3      	INCF       main_i_L0, 1
0x0245	0x1903      	BTFSC      STATUS, 2
0x0246	0x0AA4      	INCF       main_i_L0+1, 1
;lcd.c,43 :: 		}
0x0247	0x2A1F      	GOTO       L_main5
L_main6:
;lcd.c,44 :: 		for(i=0;i<a_length-17;i++){
0x0248	0x01A3      	CLRF       main_i_L0
0x0249	0x01A4      	CLRF       main_i_L0+1
L_main9:
0x024A	0x3011      	MOVLW      17
0x024B	0x0225      	SUBWF      main_a_length_L0, 0
0x024C	0x00F1      	MOVWF      R1
0x024D	0x3000      	MOVLW      0
0x024E	0x1C03      	BTFSS      STATUS, 0
0x024F	0x3E01      	ADDLW      1
0x0250	0x0226      	SUBWF      main_a_length_L0+1, 0
0x0251	0x00F2      	MOVWF      R1+1
0x0252	0x3080      	MOVLW      128
0x0253	0x0624      	XORWF      main_i_L0+1, 0
0x0254	0x00F0      	MOVWF      R0
0x0255	0x3080      	MOVLW      128
0x0256	0x0672      	XORWF      R1+1, 0
0x0257	0x0270      	SUBWF      R0, 0
0x0258	0x1D03      	BTFSS      STATUS, 2
0x0259	0x2A5C      	GOTO       L__main16
0x025A	0x0871      	MOVF       R1, 0
0x025B	0x0223      	SUBWF      main_i_L0, 0
L__main16:
0x025C	0x1803      	BTFSC      STATUS, 0
0x025D	0x2A73      	GOTO       L_main10
;lcd.c,45 :: 		lcd_cmd(_lcd_shift_right);
0x025E	0x301C      	MOVLW      28
0x025F	0x00E3      	MOVWF      FARG_Lcd_Cmd_out_char
0x0260	0x201A      	CALL       _Lcd_Cmd
;lcd.c,46 :: 		delay_ms(500);
0x0261	0x3006      	MOVLW      6
0x0262	0x00FB      	MOVWF      R11
0x0263	0x3013      	MOVLW      19
0x0264	0x00FC      	MOVWF      R12
0x0265	0x30AD      	MOVLW      173
0x0266	0x00FD      	MOVWF      R13
L_main12:
0x0267	0x0BFD      	DECFSZ     R13, 1
0x0268	0x2A67      	GOTO       L_main12
0x0269	0x0BFC      	DECFSZ     R12, 1
0x026A	0x2A67      	GOTO       L_main12
0x026B	0x0BFB      	DECFSZ     R11, 1
0x026C	0x2A67      	GOTO       L_main12
0x026D	0x0000      	NOP
0x026E	0x0000      	NOP
;lcd.c,44 :: 		for(i=0;i<a_length-17;i++){
0x026F	0x0AA3      	INCF       main_i_L0, 1
0x0270	0x1903      	BTFSC      STATUS, 2
0x0271	0x0AA4      	INCF       main_i_L0+1, 1
;lcd.c,47 :: 		}
0x0272	0x2A4A      	GOTO       L_main9
L_main10:
;lcd.c,49 :: 		}
0x0273	0x2A1D      	GOTO       L_main3
;lcd.c,52 :: 		}
L_end_main:
0x0274	0x2A74      	GOTO       $+0
; end of _main
Symbol List:
//** Routines locations **
//ADDRESS    SIZE    PROCEDURE
//----------------------------------------------
0x0003       [3]    _Delay_1us
0x0006      [13]    _Delay_5500us
0x0013       [7]    _Delay_50us
0x001A      [64]    _Lcd_Cmd
0x005A       [8]    _Lcd_Chr_CP
0x0062       [7]    _____DoICP
0x0069      [12]    ___CC2DW
0x0075      [64]    _Lcd_Out
0x00B5      [78]    _Lcd_Init
0x0103      [20]    _getStringLength
0x0117     [350]    _main
//** Variables locations ** 
//ADDRESS    SIZE    VARIABLE
//----------------------------------------------
0x0000       [1]    INDF
0x0002       [1]    PCL
0x0003       [1]    STATUS
0x0004       [1]    FSR
0x0006       [0]    RB5_bit
0x0006       [0]    LCD_D7
0x0006       [0]    RB7_bit
0x0006       [0]    RB6_bit
0x0006       [0]    LCD_D4
0x0006       [0]    LCD_D6
0x0006       [0]    LCD_D5
0x0006       [0]    LCD_EN
0x0006       [0]    RB2_bit
0x0006       [0]    LCD_RS
0x0006       [0]    RB3_bit
0x0006       [0]    RB4_bit
0x000A       [1]    PCLATH
0x0020       [0]    __Lib_Lcd_cmd_status
0x0021       [2]    ___DoICPAddr
0x0023       [2]    main_i_L0
0x0025       [2]    main_a_length_L0
0x0027      [55]    main_a_L0
0x005E       [1]    FARG_getStringLength_str
0x005E       [1]    FARG_Lcd_Out_row
0x005F       [2]    getStringLength_length_L0
0x005F       [1]    FARG_Lcd_Out_column
0x0060       [1]    FARG_Lcd_Out_text
0x0061       [1]    Lcd_Out_i_L0
0x0062       [1]    FARG_Lcd_Chr_CP_out_char
0x0063       [1]    FARG_Lcd_Cmd_out_char
0x0070       [1]    R0
0x0071       [1]    R1
0x0072       [1]    R2
0x0073       [1]    R3
0x0074       [1]    R4
0x0075       [1]    R5
0x0076       [1]    R6
0x0077       [1]    R7
0x0078       [1]    R8
0x0079       [1]    R9
0x007A       [1]    R10
0x007B       [1]    R11
0x007C       [1]    R12
0x007D       [1]    R13
0x007E       [1]    R14
0x007F       [1]    R15
0x0086       [0]    TRISB5_bit
0x0086       [0]    TRISB4_bit
0x0086       [0]    LCD_EN_Direction
0x0086       [0]    LCD_RS_Direction
0x0086       [0]    TRISB3_bit
0x0086       [0]    TRISB2_bit
0x0086       [0]    TRISB6_bit
0x0086       [0]    TRISB7_bit
0x0086       [0]    LCD_D7_Direction
0x0086       [0]    LCD_D4_Direction
0x0086       [0]    LCD_D5_Direction
0x0086       [0]    LCD_D6_Direction
0x00A0      [54]    main_b_L0
