;  LST file generated by mikroListExporter - v.2.0 
; Date/Time: 11/26/2023 11:23:57 PM
;----------------------------------------------

;Address Opcode 	ASM
0x0000	0x2803      	GOTO       3
_main:
;LED.c,2 :: 		void main(){
;LED.c,3 :: 		int counter=0;
0x0003	0x1283      	BCF        STATUS, 5
0x0004	0x1303      	BCF        STATUS, 6
0x0005	0x01A2      	CLRF       main_counter_L0
0x0006	0x01A3      	CLRF       main_counter_L0+1
;LED.c,5 :: 		while(counter<3){
L_main0:
0x0007	0x3080      	MOVLW      128
0x0008	0x0623      	XORWF      main_counter_L0+1, 0
0x0009	0x00F0      	MOVWF      R0
0x000A	0x3080      	MOVLW      128
0x000B	0x0270      	SUBWF      R0, 0
0x000C	0x1D03      	BTFSS      STATUS, 2
0x000D	0x2810      	GOTO       L__main5
0x000E	0x3003      	MOVLW      3
0x000F	0x0222      	SUBWF      main_counter_L0, 0
L__main5:
0x0010	0x1803      	BTFSC      STATUS, 0
0x0011	0x283A      	GOTO       L_main1
;LED.c,6 :: 		TRISB=0X00;
0x0012	0x1683      	BSF        STATUS, 5
0x0013	0x0186      	CLRF       TRISB
;LED.c,7 :: 		PORTB=0X00;
0x0014	0x1283      	BCF        STATUS, 5
0x0015	0x0186      	CLRF       PORTB
;LED.c,9 :: 		PORTB.RB0=1;
0x0016	0x1406      	BSF        PORTB, 0
;LED.c,10 :: 		Delay_ms(1000);
0x0017	0x300B      	MOVLW      11
0x0018	0x00FB      	MOVWF      R11
0x0019	0x3026      	MOVLW      38
0x001A	0x00FC      	MOVWF      R12
0x001B	0x305D      	MOVLW      93
0x001C	0x00FD      	MOVWF      R13
L_main2:
0x001D	0x0BFD      	DECFSZ     R13, 1
0x001E	0x281D      	GOTO       L_main2
0x001F	0x0BFC      	DECFSZ     R12, 1
0x0020	0x281D      	GOTO       L_main2
0x0021	0x0BFB      	DECFSZ     R11, 1
0x0022	0x281D      	GOTO       L_main2
0x0023	0x0000      	NOP
0x0024	0x0000      	NOP
;LED.c,11 :: 		PORTB.RB0=0;
0x0025	0x1006      	BCF        PORTB, 0
;LED.c,13 :: 		PORTB.RB1=1;
0x0026	0x1486      	BSF        PORTB, 1
;LED.c,14 :: 		Delay_ms(1000);
0x0027	0x300B      	MOVLW      11
0x0028	0x00FB      	MOVWF      R11
0x0029	0x3026      	MOVLW      38
0x002A	0x00FC      	MOVWF      R12
0x002B	0x305D      	MOVLW      93
0x002C	0x00FD      	MOVWF      R13
L_main3:
0x002D	0x0BFD      	DECFSZ     R13, 1
0x002E	0x282D      	GOTO       L_main3
0x002F	0x0BFC      	DECFSZ     R12, 1
0x0030	0x282D      	GOTO       L_main3
0x0031	0x0BFB      	DECFSZ     R11, 1
0x0032	0x282D      	GOTO       L_main3
0x0033	0x0000      	NOP
0x0034	0x0000      	NOP
;LED.c,15 :: 		PORTB.RB1=0;
0x0035	0x1086      	BCF        PORTB, 1
;LED.c,16 :: 		counter++;
0x0036	0x0AA2      	INCF       main_counter_L0, 1
0x0037	0x1903      	BTFSC      STATUS, 2
0x0038	0x0AA3      	INCF       main_counter_L0+1, 1
;LED.c,19 :: 		}
0x0039	0x2807      	GOTO       L_main0
L_main1:
;LED.c,21 :: 		}
L_end_main:
0x003A	0x283A      	GOTO       $+0
; end of _main
Symbol List:
//** Routines locations **
//ADDRESS    SIZE    PROCEDURE
//----------------------------------------------
0x0003      [56]    _main
//** Variables locations ** 
//ADDRESS    SIZE    VARIABLE
//----------------------------------------------
0x0000       [1]    INDF
0x0003       [1]    STATUS
0x0004       [1]    FSR
0x0006       [1]    PORTB
0x000A       [1]    PCLATH
0x0020       [2]    ___DoICPAddr
0x0022       [2]    main_counter_L0
0x0070       [1]    R0
0x0071       [1]    R1
0x0072       [1]    R2
0x0073       [1]    R3
0x0074       [1]    R4
0x0075       [1]    R5
0x0076       [1]    R6
0x0077       [1]    R7
0x0078       [1]    R8
0x0079       [1]    R9
0x007A       [1]    R10
0x007B       [1]    R11
0x007C       [1]    R12
0x007D       [1]    R13
0x007E       [1]    R14
0x007F       [1]    R15
0x0086       [1]    TRISB
